<?xml version="1.0" encoding="UTF-8"?>
<!-- Generated by org.testng.reporters.JUnitReportReporter -->
<testsuite hostname="PF3JNT8T" failures="0" tests="7" name="tests.LoginTests" time="24.896" errors="0" timestamp="2025-04-23T15:41:56 IST" skipped="0">
  <testcase classname="tests.LoginTests" name="testLoginScenarios" time="3.062"/>
  <system-out/>
  <testcase classname="tests.LoginTests" name="testLoginScenarios" time="4.475"/>
  <system-out/>
  <testcase classname="tests.LoginTests" name="testLoginScenarios" time="3.347"/>
  <system-out/>
  <testcase classname="tests.LoginTests" name="testLoginScenarios" time="2.875"/>
  <system-out/>
  <testcase classname="tests.LoginTests" name="testCompletePurchaseFlow" time="5.013"/>
  <system-out/>
  <testcase classname="tests.LoginTests" name="testInvalidLoginWithEmptyCredentials" time="3.153"/>
  <system-out/>
  <testcase classname="tests.LoginTests" name="testInvalidLoginWithIncorrectPassword" time="2.971"/>
  <system-out/>
</testsuite> <!-- tests.LoginTests -->
