<?xml version="1.0" encoding="UTF-8"?>
<!-- Generated by org.testng.reporters.JUnitReportReporter -->
<testsuite hostname="PF3JNT8T" failures="0" tests="2" name="tests.CheckoutTests" time="6.632" errors="0" timestamp="2025-04-23T15:41:56 IST" skipped="0">
  <testcase classname="tests.CheckoutTests" name="testCartItemCountAfterAdd" time="3.048"/>
  <system-out/>
  <testcase classname="tests.CheckoutTests" name="testFinishPurchaseDisplaysThankYouMessage" time="3.584"/>
  <system-out/>
</testsuite> <!-- tests.CheckoutTests -->
