<?xml version="1.0" encoding="UTF-8"?>
<!-- Generated by org.testng.reporters.JUnitReportReporter -->
<testsuite hostname="PF3JNT8T" failures="0" tests="2" name="tests.CartTests" time="18.526" errors="0" timestamp="2025-04-23T15:41:56 IST" skipped="0">
  <testcase classname="tests.CartTests" name="testAddItemToCart" time="5.112"/>
  <system-out/>
  <testcase classname="tests.CartTests" name="testCartIsEmptyAfterRemovingItem" time="13.414"/>
  <system-out/>
</testsuite> <!-- tests.CartTests -->
